PKM CLI Log - Started at 2026-02-01T08:25:37.094041
============================================================
[2026-02-01 08:25:37] [MainThread] INFO: <rich.panel.Panel object at 0x0000014A3D88DA60>
[2026-02-01 08:25:37] [MainThread] WARNING: No nodes defined in orchestrator.yaml
[2026-02-01 08:25:37] [MainThread] DEBUG: No pollers configuration found
[2026-02-01 08:25:37] [MainThread] INFO: Orchestrator initialized for vault: C:\AI_study\2026\CatchUpAI_VL
[2026-02-01 08:25:37] [MainThread] INFO: Loaded 0 agents
[2026-02-01 08:25:37] [MainThread] INFO: Loaded 0 poller(s)
[2026-02-01 08:25:37] [MainThread] INFO: 
[green]✓[/green] Loaded 0 agent(s):
[2026-02-01 08:25:37] [MainThread] INFO: 
[cyan]Starting orchestrator...[/cyan]
[2026-02-01 08:25:37] [MainThread] INFO: Starting orchestrator...
[2026-02-01 08:25:37] [MainThread] INFO: File system monitoring started on C:\AI_study\2026\CatchUpAI_VL (debounce: 0.5s)
[2026-02-01 08:25:37] [Thread-3 (_scheduler_loop)] INFO: Cron scheduler loop started
[2026-02-01 08:25:37] [MainThread] INFO: Cron scheduler started
[2026-02-01 08:25:37] [MainThread] INFO: No pollers to start
[2026-02-01 08:25:37] [Thread-4 (_event_loop)] INFO: Event loop started
[2026-02-01 08:25:37] [MainThread] INFO: Orchestrator started successfully
[2026-02-01 08:25:37] [MainThread] INFO: Orchestrator running. Press Ctrl+C to stop.
[2026-02-01 08:26:08] [Thread-1] DEBUG: Debouncing created event for AI\History\2026-02-01-d74ada55-edba-47e9-b017-a059d4e65db1.md (will process after 0.5s)
[2026-02-01 08:26:08] [Thread-1] DEBUG: Debouncing modified event for AI\History\2026-02-01-d74ada55-edba-47e9-b017-a059d4e65db1.md (will process after 0.5s)
[2026-02-01 08:26:08] [Thread-1] DEBUG: Debouncing modified event for AI\History\2026-02-01-d74ada55-edba-47e9-b017-a059d4e65db1.md (will process after 0.5s)
[2026-02-01 08:26:09] [Thread-7] DEBUG: Processed debounced modified event: AI\History\2026-02-01-d74ada55-edba-47e9-b017-a059d4e65db1.md
[2026-02-01 08:26:09] [Thread-4 (_event_loop)] DEBUG: Processing event: modified AI\History\2026-02-01-d74ada55-edba-47e9-b017-a059d4e65db1.md
[2026-02-01 08:26:09] [Thread-5] DEBUG: Processed debounced created event: AI\History\2026-02-01-d74ada55-edba-47e9-b017-a059d4e65db1.md
[2026-02-01 08:26:09] [Thread-4 (_event_loop)] DEBUG: No agents match event: AI\History\2026-02-01-d74ada55-edba-47e9-b017-a059d4e65db1.md
[2026-02-01 08:26:09] [Thread-4 (_event_loop)] DEBUG: Processing event: created AI\History\2026-02-01-d74ada55-edba-47e9-b017-a059d4e65db1.md
[2026-02-01 08:26:09] [Thread-4 (_event_loop)] DEBUG: No agents match event: AI\History\2026-02-01-d74ada55-edba-47e9-b017-a059d4e65db1.md
[2026-02-01 08:26:29] [Thread-1] DEBUG: Debouncing modified event for AI\History\2026-02-01-d74ada55-edba-47e9-b017-a059d4e65db1.md (will process after 0.5s)
[2026-02-01 08:26:30] [Thread-8] DEBUG: Processed debounced modified event: AI\History\2026-02-01-d74ada55-edba-47e9-b017-a059d4e65db1.md
[2026-02-01 08:26:30] [Thread-4 (_event_loop)] DEBUG: Processing event: modified AI\History\2026-02-01-d74ada55-edba-47e9-b017-a059d4e65db1.md
[2026-02-01 08:26:30] [Thread-4 (_event_loop)] DEBUG: No agents match event: AI\History\2026-02-01-d74ada55-edba-47e9-b017-a059d4e65db1.md
[2026-02-01 08:26:49] [Thread-1] DEBUG: Debouncing modified event for AI\History\2026-02-01-d74ada55-edba-47e9-b017-a059d4e65db1.md (will process after 0.5s)
[2026-02-01 08:26:50] [Thread-9] DEBUG: Processed debounced modified event: AI\History\2026-02-01-d74ada55-edba-47e9-b017-a059d4e65db1.md
[2026-02-01 08:26:50] [Thread-4 (_event_loop)] DEBUG: Processing event: modified AI\History\2026-02-01-d74ada55-edba-47e9-b017-a059d4e65db1.md
[2026-02-01 08:26:50] [Thread-4 (_event_loop)] DEBUG: No agents match event: AI\History\2026-02-01-d74ada55-edba-47e9-b017-a059d4e65db1.md
[2026-02-01 08:27:09] [Thread-1] DEBUG: Debouncing modified event for AI\History\2026-02-01-d74ada55-edba-47e9-b017-a059d4e65db1.md (will process after 0.5s)
[2026-02-01 08:27:09] [Thread-10] DEBUG: Processed debounced modified event: AI\History\2026-02-01-d74ada55-edba-47e9-b017-a059d4e65db1.md
[2026-02-01 08:27:09] [Thread-4 (_event_loop)] DEBUG: Processing event: modified AI\History\2026-02-01-d74ada55-edba-47e9-b017-a059d4e65db1.md
[2026-02-01 08:27:09] [Thread-4 (_event_loop)] DEBUG: No agents match event: AI\History\2026-02-01-d74ada55-edba-47e9-b017-a059d4e65db1.md
[2026-02-01 08:27:16] [Thread-1] DEBUG: Debouncing modified event for AI\History\2026-02-01-d74ada55-edba-47e9-b017-a059d4e65db1.md (will process after 0.5s)
[2026-02-01 08:27:17] [Thread-11] DEBUG: Processed debounced modified event: AI\History\2026-02-01-d74ada55-edba-47e9-b017-a059d4e65db1.md
[2026-02-01 08:27:17] [Thread-4 (_event_loop)] DEBUG: Processing event: modified AI\History\2026-02-01-d74ada55-edba-47e9-b017-a059d4e65db1.md
[2026-02-01 08:27:17] [Thread-4 (_event_loop)] DEBUG: No agents match event: AI\History\2026-02-01-d74ada55-edba-47e9-b017-a059d4e65db1.md
[2026-02-01 08:27:41] [Thread-1] DEBUG: Debouncing modified event for AI\History\2026-02-01-d74ada55-edba-47e9-b017-a059d4e65db1.md (will process after 0.5s)
[2026-02-01 08:27:41] [Thread-12] DEBUG: Processed debounced modified event: AI\History\2026-02-01-d74ada55-edba-47e9-b017-a059d4e65db1.md
[2026-02-01 08:27:41] [Thread-4 (_event_loop)] DEBUG: Processing event: modified AI\History\2026-02-01-d74ada55-edba-47e9-b017-a059d4e65db1.md
[2026-02-01 08:27:41] [Thread-4 (_event_loop)] DEBUG: No agents match event: AI\History\2026-02-01-d74ada55-edba-47e9-b017-a059d4e65db1.md
[2026-02-01 08:28:00] [Thread-1] DEBUG: Debouncing modified event for AI\History\2026-02-01-d74ada55-edba-47e9-b017-a059d4e65db1.md (will process after 0.5s)
[2026-02-01 08:28:01] [Thread-13] DEBUG: Processed debounced modified event: AI\History\2026-02-01-d74ada55-edba-47e9-b017-a059d4e65db1.md
[2026-02-01 08:28:01] [Thread-4 (_event_loop)] DEBUG: Processing event: modified AI\History\2026-02-01-d74ada55-edba-47e9-b017-a059d4e65db1.md
[2026-02-01 08:28:01] [Thread-4 (_event_loop)] DEBUG: No agents match event: AI\History\2026-02-01-d74ada55-edba-47e9-b017-a059d4e65db1.md
[2026-02-01 08:28:06] [Thread-1] DEBUG: Debouncing modified event for AI\History\2026-02-01-d74ada55-edba-47e9-b017-a059d4e65db1.md (will process after 0.5s)
[2026-02-01 08:28:07] [Thread-14] DEBUG: Processed debounced modified event: AI\History\2026-02-01-d74ada55-edba-47e9-b017-a059d4e65db1.md
[2026-02-01 08:28:07] [Thread-4 (_event_loop)] DEBUG: Processing event: modified AI\History\2026-02-01-d74ada55-edba-47e9-b017-a059d4e65db1.md
[2026-02-01 08:28:07] [Thread-4 (_event_loop)] DEBUG: No agents match event: AI\History\2026-02-01-d74ada55-edba-47e9-b017-a059d4e65db1.md
[2026-02-01 08:28:24] [Thread-1] DEBUG: Debouncing modified event for AI\History\2026-02-01-d74ada55-edba-47e9-b017-a059d4e65db1.md (will process after 0.5s)
[2026-02-01 08:28:25] [Thread-15] DEBUG: Processed debounced modified event: AI\History\2026-02-01-d74ada55-edba-47e9-b017-a059d4e65db1.md
[2026-02-01 08:28:25] [Thread-4 (_event_loop)] DEBUG: Processing event: modified AI\History\2026-02-01-d74ada55-edba-47e9-b017-a059d4e65db1.md
[2026-02-01 08:28:25] [Thread-4 (_event_loop)] DEBUG: No agents match event: AI\History\2026-02-01-d74ada55-edba-47e9-b017-a059d4e65db1.md
[2026-02-01 08:28:37] [Thread-1] DEBUG: Debouncing modified event for AI\History\2026-02-01-d74ada55-edba-47e9-b017-a059d4e65db1.md (will process after 0.5s)
[2026-02-01 08:28:37] [Thread-16] DEBUG: Processed debounced modified event: AI\History\2026-02-01-d74ada55-edba-47e9-b017-a059d4e65db1.md
[2026-02-01 08:28:37] [Thread-4 (_event_loop)] DEBUG: Processing event: modified AI\History\2026-02-01-d74ada55-edba-47e9-b017-a059d4e65db1.md
[2026-02-01 08:28:37] [Thread-4 (_event_loop)] DEBUG: No agents match event: AI\History\2026-02-01-d74ada55-edba-47e9-b017-a059d4e65db1.md
[2026-02-01 08:28:55] [Thread-1] DEBUG: Debouncing modified event for AI\History\2026-02-01-d74ada55-edba-47e9-b017-a059d4e65db1.md (will process after 0.5s)
[2026-02-01 08:28:56] [Thread-17] DEBUG: Processed debounced modified event: AI\History\2026-02-01-d74ada55-edba-47e9-b017-a059d4e65db1.md
[2026-02-01 08:28:56] [Thread-4 (_event_loop)] DEBUG: Processing event: modified AI\History\2026-02-01-d74ada55-edba-47e9-b017-a059d4e65db1.md
[2026-02-01 08:28:56] [Thread-4 (_event_loop)] DEBUG: No agents match event: AI\History\2026-02-01-d74ada55-edba-47e9-b017-a059d4e65db1.md
[2026-02-01 08:29:06] [Thread-1] DEBUG: Debouncing modified event for AI\History\2026-02-01-d74ada55-edba-47e9-b017-a059d4e65db1.md (will process after 0.5s)
[2026-02-01 08:29:06] [Thread-18] DEBUG: Processed debounced modified event: AI\History\2026-02-01-d74ada55-edba-47e9-b017-a059d4e65db1.md
[2026-02-01 08:29:06] [Thread-4 (_event_loop)] DEBUG: Processing event: modified AI\History\2026-02-01-d74ada55-edba-47e9-b017-a059d4e65db1.md
[2026-02-01 08:29:06] [Thread-4 (_event_loop)] DEBUG: No agents match event: AI\History\2026-02-01-d74ada55-edba-47e9-b017-a059d4e65db1.md
[2026-02-01 08:29:09] [Thread-1] DEBUG: Debouncing modified event for AI\History\2026-02-01-d74ada55-edba-47e9-b017-a059d4e65db1.md (will process after 0.5s)
[2026-02-01 08:29:09] [Thread-19] DEBUG: Processed debounced modified event: AI\History\2026-02-01-d74ada55-edba-47e9-b017-a059d4e65db1.md
[2026-02-01 08:29:09] [Thread-4 (_event_loop)] DEBUG: Processing event: modified AI\History\2026-02-01-d74ada55-edba-47e9-b017-a059d4e65db1.md
[2026-02-01 08:29:09] [Thread-4 (_event_loop)] DEBUG: No agents match event: AI\History\2026-02-01-d74ada55-edba-47e9-b017-a059d4e65db1.md
[2026-02-01 08:29:12] [Thread-1] DEBUG: Debouncing modified event for AI\History\2026-02-01-d74ada55-edba-47e9-b017-a059d4e65db1.md (will process after 0.5s)
[2026-02-01 08:29:12] [Thread-20] DEBUG: Processed debounced modified event: AI\History\2026-02-01-d74ada55-edba-47e9-b017-a059d4e65db1.md
[2026-02-01 08:29:12] [Thread-4 (_event_loop)] DEBUG: Processing event: modified AI\History\2026-02-01-d74ada55-edba-47e9-b017-a059d4e65db1.md
[2026-02-01 08:29:12] [Thread-4 (_event_loop)] DEBUG: No agents match event: AI\History\2026-02-01-d74ada55-edba-47e9-b017-a059d4e65db1.md
[2026-02-01 08:29:21] [Thread-1] DEBUG: Debouncing modified event for AI\History\2026-02-01-d74ada55-edba-47e9-b017-a059d4e65db1.md (will process after 0.5s)
[2026-02-01 08:29:21] [Thread-21] DEBUG: Processed debounced modified event: AI\History\2026-02-01-d74ada55-edba-47e9-b017-a059d4e65db1.md
[2026-02-01 08:29:21] [Thread-4 (_event_loop)] DEBUG: Processing event: modified AI\History\2026-02-01-d74ada55-edba-47e9-b017-a059d4e65db1.md
[2026-02-01 08:29:21] [Thread-4 (_event_loop)] DEBUG: No agents match event: AI\History\2026-02-01-d74ada55-edba-47e9-b017-a059d4e65db1.md
[2026-02-01 08:29:30] [Thread-1] DEBUG: Debouncing modified event for AI\History\2026-02-01-d74ada55-edba-47e9-b017-a059d4e65db1.md (will process after 0.5s)
[2026-02-01 08:29:31] [Thread-22] DEBUG: Processed debounced modified event: AI\History\2026-02-01-d74ada55-edba-47e9-b017-a059d4e65db1.md
[2026-02-01 08:29:31] [Thread-4 (_event_loop)] DEBUG: Processing event: modified AI\History\2026-02-01-d74ada55-edba-47e9-b017-a059d4e65db1.md
[2026-02-01 08:29:31] [Thread-4 (_event_loop)] DEBUG: No agents match event: AI\History\2026-02-01-d74ada55-edba-47e9-b017-a059d4e65db1.md
[2026-02-01 08:29:45] [Thread-1] DEBUG: Debouncing modified event for AI\History\2026-02-01-d74ada55-edba-47e9-b017-a059d4e65db1.md (will process after 0.5s)
[2026-02-01 08:29:46] [Thread-23] DEBUG: Processed debounced modified event: AI\History\2026-02-01-d74ada55-edba-47e9-b017-a059d4e65db1.md
[2026-02-01 08:29:46] [Thread-4 (_event_loop)] DEBUG: Processing event: modified AI\History\2026-02-01-d74ada55-edba-47e9-b017-a059d4e65db1.md
[2026-02-01 08:29:46] [Thread-4 (_event_loop)] DEBUG: No agents match event: AI\History\2026-02-01-d74ada55-edba-47e9-b017-a059d4e65db1.md
[2026-02-01 08:50:52] [MainThread] INFO: <rich.panel.Panel object at 0x000001A429460C20>
[2026-02-01 08:50:52] [MainThread] WARNING: No nodes defined in orchestrator.yaml
[2026-02-01 08:50:52] [MainThread] DEBUG: No pollers configuration found
[2026-02-01 08:50:52] [MainThread] INFO: Orchestrator initialized for vault: C:\AI_study\2026\CatchUpAI_VL
[2026-02-01 08:50:52] [MainThread] INFO: Loaded 0 agents
[2026-02-01 08:50:52] [MainThread] INFO: Loaded 0 poller(s)
[2026-02-01 08:50:52] [MainThread] INFO: 
[green]✓[/green] Loaded 0 agent(s):
[2026-02-01 08:50:52] [MainThread] INFO: 
[cyan]Starting orchestrator...[/cyan]
[2026-02-01 08:50:52] [MainThread] INFO: Starting orchestrator...
[2026-02-01 08:50:52] [MainThread] INFO: File system monitoring started on C:\AI_study\2026\CatchUpAI_VL (debounce: 0.5s)
[2026-02-01 08:50:52] [Thread-3 (_scheduler_loop)] INFO: Cron scheduler loop started
[2026-02-01 08:50:52] [MainThread] INFO: Cron scheduler started
[2026-02-01 08:50:52] [MainThread] INFO: No pollers to start
[2026-02-01 08:50:52] [Thread-4 (_event_loop)] INFO: Event loop started
[2026-02-01 08:50:52] [MainThread] INFO: Orchestrator started successfully
[2026-02-01 08:50:52] [MainThread] INFO: Orchestrator running. Press Ctrl+C to stop.
[2026-02-01 15:35:33] [MainThread] INFO: <rich.panel.Panel object at 0x0000014EAB188860>
[2026-02-01 15:35:33] [MainThread] WARNING: No nodes defined in orchestrator.yaml
[2026-02-01 15:35:33] [MainThread] DEBUG: No pollers configuration found
[2026-02-01 15:35:33] [MainThread] INFO: Orchestrator initialized for vault: C:\AI_study\2026\CatchUpAI_VL
[2026-02-01 15:35:33] [MainThread] INFO: Loaded 0 agents
[2026-02-01 15:35:33] [MainThread] INFO: Loaded 0 poller(s)
[2026-02-01 15:35:33] [MainThread] INFO: 
[green]✓[/green] Loaded 0 agent(s):
[2026-02-01 15:35:33] [MainThread] INFO: 
[cyan]Starting orchestrator...[/cyan]
[2026-02-01 15:35:33] [MainThread] INFO: Starting orchestrator...
[2026-02-01 15:35:33] [MainThread] INFO: File system monitoring started on C:\AI_study\2026\CatchUpAI_VL (debounce: 0.5s)
[2026-02-01 15:35:33] [Thread-3 (_scheduler_loop)] INFO: Cron scheduler loop started
[2026-02-01 15:35:33] [MainThread] INFO: Cron scheduler started
[2026-02-01 15:35:33] [MainThread] INFO: No pollers to start
[2026-02-01 15:35:33] [Thread-4 (_event_loop)] INFO: Event loop started
[2026-02-01 15:35:33] [MainThread] INFO: Orchestrator started successfully
[2026-02-01 15:35:33] [MainThread] INFO: Orchestrator running. Press Ctrl+C to stop.
